<?xml version="1.0" encoding="UTF-8"?>
<testsuite name="customerCustomerRepositoryV1.Assignment1" tests="3" failures="0" errors="0" time="24.662"><properties><property name="awt.toolkit" value="sun.awt.windows.WToolkit"/><property name="java.specification.version" value="12"/><property name="sun.cpu.isalist" value="amd64"/><property name="sun.jnu.encoding" value="Cp1252"/><property name="sun.arch.data.model" value="64"/><property name="java.vendor.url" value="https://java.oracle.com/"/><property name="sun.boot.library.path" value="C:\Program Files\Java\jdk-12.0.1\bin"/><property name="sun.java.command" value="org.codehaus.plexus.classworlds.launcher.Launcher site"/><property name="jdk.debug" value="release"/><property name="maven.home" value="C:\Users\AkshayJha\Downloads\apache-maven-3.6.2-bin\apache-maven-3.6.2\bin\.."/><property name="sun.stderr.encoding" value="cp437"/><property name="java.specification.vendor" value="Oracle Corporation"/><property name="java.version.date" value="2019-04-16"/><property name="java.home" value="C:\Program Files\Java\jdk-12.0.1"/><property name="file.separator" value="\"/><property name="java.vm.compressedOopsMode" value="32-bit"/><property name="line.separator" value="
"/><property name="sun.stdout.encoding" value="cp437"/><property name="java.vm.specification.vendor" value="Oracle Corporation"/><property name="java.specification.name" value="Java Platform API Specification"/><property name="soapui.browser.disabled" value="true"/><property name="user.script" value=""/><property name="sun.management.compiler" value="HotSpot 64-Bit Tiered Compilers"/><property name="java.runtime.version" value="12.0.1+12"/><property name="user.name" value="AkshayJha"/><property name="file.encoding" value="Cp1252"/><property name="guice.disable.misplaced.annotation.check" value="true"/><property name="java.io.tmpdir" value="C:\Users\AKSHAY~1\AppData\Local\Temp\"/><property name="java.version" value="12.0.1"/><property name="java.vm.specification.name" value="Java Virtual Machine Specification"/><property name="sun.os.patch.level" value=""/><property name="java.library.path" value="C:\Program Files\Java\jdk-12.0.1\bin;C:\WINDOWS\Sun\Java\bin;C:\WINDOWS\system32;C:\WINDOWS;C:\Program Files (x86)\Common Files\Oracle\Java\javapath;C:\WINDOWS\system32;C:\WINDOWS;C:\WINDOWS\System32\Wbem;C:\WINDOWS\System32\WindowsPowerShell\v1.0\;C:\WINDOWS\System32\OpenSSH\;C:\Program Files (x86)\IBM\Personal Communications\;C:\Program Files (x86)\IBM\Trace Facility\;C:\Program Files (x86)\Intel\Intel(R) Management Engine Components\DAL;C:\Program Files\Intel\Intel(R) Management Engine Components\DAL;C:\Program Files\Intel\WiFi\bin\;C:\Program Files\Common Files\Intel\WirelessCommon\;C:\Program Files (x86)\Webex\Webex\Applications;C:\Program Files\Git\cmd;C:\PROGRA~2\Groovy\GROOVY~1.0\bin;C:\Users\AkshayJha\Downloads\apache-maven-3.6.2-bin\apache-maven-3.6.2\bin;C:\Program Files\Java\jdk-12.0.1\bin;C:\Users\AkshayJha\AppData\Local\Microsoft\WindowsApps;C:\Program Files\Intel\WiFi\bin\;C:\Program Files\Common Files\Intel\WirelessCommon\;C:\Users\AkshayJha\Downloads\apache-maven-3.6.2-bin\apache-maven-3.6.2\bin;;."/><property name="java.vendor" value="Oracle Corporation"/><property name="classworlds.conf" value="C:\Users\AkshayJha\Downloads\apache-maven-3.6.2-bin\apache-maven-3.6.2\bin\..\bin\m2.conf"/><property name="sun.io.unicode.encoding" value="UnicodeLittle"/><property name="library.jansi.path" value="C:\Users\AkshayJha\Downloads\apache-maven-3.6.2-bin\apache-maven-3.6.2\bin\..\lib\jansi-native"/><property name="sun.desktop" value="windows"/><property name="java.class.path" value="C:\Users\AkshayJha\Downloads\apache-maven-3.6.2-bin\apache-maven-3.6.2\bin\..\boot\plexus-classworlds-2.6.0.jar"/><property name="sun.awt.enableExtraMouseButtons" value="true"/><property name="java.vm.vendor" value="Oracle Corporation"/><property name="user.variant" value=""/><property name="user.timezone" value="Asia/Calcutta"/><property name="maven.conf" value="C:\Users\AkshayJha\Downloads\apache-maven-3.6.2-bin\apache-maven-3.6.2\bin\../conf"/><property name="java.vm.specification.version" value="12"/><property name="os.name" value="Windows 10"/><property name="sun.java.launcher" value="SUN_STANDARD"/><property name="user.country" value="IN"/><property name="sun.cpu.endian" value="little"/><property name="user.home" value="C:\Users\AkshayJha"/><property name="user.language" value="en"/><property name="java.awt.graphicsenv" value="sun.awt.Win32GraphicsEnvironment"/><property name="path.separator" value=";"/><property name="os.version" value="10.0"/><property name="java.runtime.name" value="Java(TM) SE Runtime Environment"/><property name="java.vm.name" value="Java HotSpot(TM) 64-Bit Server VM"/><property name="java.vendor.url.bug" value="https://bugreport.java.com/bugreport/"/><property name="user.dir" value="C:\Users\AkshayJha\Desktop\Project_New\my-soap"/><property name="os.arch" value="amd64"/><property name="maven.multiModuleProjectDirectory" value="C:\Users\AkshayJha\Desktop\Project_New\my-soap"/><property name="java.vm.info" value="mixed mode, sharing"/><property name="java.vm.version" value="12.0.1+12"/><property name="java.class.version" value="56.0"/></properties><testcase name="CreateCustomer" time="10.764"/><testcase name="CreateCustomer" time="6.872"/><testcase name="Test Case 2" time="7.026"/></testsuite>